<?xml version="1.0" encoding="UTF-8"?>
<!-- Generated by org.testng.reporters.JUnitXMLReporter -->
<testsuite ignored="0" hostname="MM-Hmwepwint" failures="0" tests="3" name="Default test" time="72.297" errors="0" timestamp="30 Dec 2021 17:04:26 GMT">
  <testcase classname="com.demoautocicd.demoCICD.TestClass1" name="Test1" time="7.547"/>
  <testcase classname="com.demoautocicd.demoCICD.TestClass1" name="Test2" time="5.485"/>
  <testcase classname="com.demoautocicd.demoCICD.TestClass1" name="Test3" time="5.517"/>
</testsuite> <!-- Default test -->
