<?xml version="1.0" encoding="UTF-8"?>
<!-- Generated by org.testng.reporters.JUnitXMLReporter -->
<testsuite hostname="MM-Hmwepwint" ignored="0" name="Test" tests="3" failures="0" timestamp="27 Dec 2021 06:26:26 GMT" time="83.652" errors="0">
  <testcase name="Test1" time="42.193" classname="com.demoautocicd.demoCICD.TestClass1"/>
  <testcase name="Test2" time="9.407" classname="com.demoautocicd.demoCICD.TestClass1"/>
  <testcase name="Test3" time="23.722" classname="com.demoautocicd.demoCICD.TestClass1"/>
</testsuite> <!-- Test -->
