<?xml version="1.0" encoding="UTF-8"?>
<testng-results ignored="0" total="3" passed="3" failed="0" skipped="0">
  <reporter-output>
  </reporter-output>
  <suite started-at="2021-12-30T17:03:13Z" name="Default suite" finished-at="2021-12-30T17:04:26Z" duration-ms="72297">
    <groups>
    </groups>
    <test started-at="2021-12-30T17:03:13Z" name="Default test" finished-at="2021-12-30T17:04:26Z" duration-ms="72297">
      <class name="com.demoautocicd.demoCICD.TestClass1">
        <test-method is-config="true" signature="launchDriver()[pri:0, instance:com.demoautocicd.demoCICD.TestClass1@385e9564]" started-at="2021-12-30T17:03:13Z" name="launchDriver" finished-at="2021-12-30T17:03:39Z" duration-ms="25156" status="PASS">
          <reporter-output>
          </reporter-output>
        </test-method> <!-- launchDriver -->
        <test-method signature="Test1()[pri:0, instance:com.demoautocicd.demoCICD.TestClass1@385e9564]" started-at="2021-12-30T17:03:39Z" name="Test1" finished-at="2021-12-30T17:03:46Z" duration-ms="7547" status="PASS">
          <reporter-output>
          </reporter-output>
        </test-method> <!-- Test1 -->
        <test-method is-config="true" signature="quit()[pri:0, instance:com.demoautocicd.demoCICD.TestClass1@385e9564]" started-at="2021-12-30T17:03:46Z" name="quit" finished-at="2021-12-30T17:03:48Z" duration-ms="1869" status="PASS">
          <reporter-output>
          </reporter-output>
        </test-method> <!-- quit -->
        <test-method is-config="true" signature="launchDriver()[pri:0, instance:com.demoautocicd.demoCICD.TestClass1@385e9564]" started-at="2021-12-30T17:03:48Z" name="launchDriver" finished-at="2021-12-30T17:04:00Z" duration-ms="12334" status="PASS">
          <reporter-output>
          </reporter-output>
        </test-method> <!-- launchDriver -->
        <test-method signature="Test2()[pri:0, instance:com.demoautocicd.demoCICD.TestClass1@385e9564]" started-at="2021-12-30T17:04:00Z" name="Test2" finished-at="2021-12-30T17:04:06Z" duration-ms="5485" status="PASS">
          <reporter-output>
          </reporter-output>
        </test-method> <!-- Test2 -->
        <test-method is-config="true" signature="quit()[pri:0, instance:com.demoautocicd.demoCICD.TestClass1@385e9564]" started-at="2021-12-30T17:04:06Z" name="quit" finished-at="2021-12-30T17:04:08Z" duration-ms="1846" status="PASS">
          <reporter-output>
          </reporter-output>
        </test-method> <!-- quit -->
        <test-method is-config="true" signature="launchDriver()[pri:0, instance:com.demoautocicd.demoCICD.TestClass1@385e9564]" started-at="2021-12-30T17:04:08Z" name="launchDriver" finished-at="2021-12-30T17:04:19Z" duration-ms="10877" status="PASS">
          <reporter-output>
          </reporter-output>
        </test-method> <!-- launchDriver -->
        <test-method signature="Test3()[pri:0, instance:com.demoautocicd.demoCICD.TestClass1@385e9564]" started-at="2021-12-30T17:04:19Z" name="Test3" finished-at="2021-12-30T17:04:24Z" duration-ms="5517" status="PASS">
          <reporter-output>
          </reporter-output>
        </test-method> <!-- Test3 -->
        <test-method is-config="true" signature="quit()[pri:0, instance:com.demoautocicd.demoCICD.TestClass1@385e9564]" started-at="2021-12-30T17:04:24Z" name="quit" finished-at="2021-12-30T17:04:26Z" duration-ms="1643" status="PASS">
          <reporter-output>
          </reporter-output>
        </test-method> <!-- quit -->
      </class> <!-- com.demoautocicd.demoCICD.TestClass1 -->
    </test> <!-- Default test -->
  </suite> <!-- Default suite -->
</testng-results>
